{"C:\\Users\\opruk\\Documents\\GitHub\\nodejs-homework-template\\src\\controllers\\contacts.js": {"path":"C:\\Users\\opruk\\Documents\\GitHub\\nodejs-homework-template\\src\\controllers\\contacts.js","statementMap":{"0":{"start":{"line":1,"column":21},"end":{"line":1,"column":52}},"1":{"start":{"line":2,"column":28},"end":{"line":2,"column":50}},"2":{"start":{"line":3,"column":25},"end":{"line":3,"column":46}},"3":{"start":{"line":5,"column":23},"end":{"line":19,"column":1}},"4":{"start":{"line":6,"column":2},"end":{"line":18,"column":3}},"5":{"start":{"line":7,"column":19},"end":{"line":7,"column":30}},"6":{"start":{"line":8,"column":21},"end":{"line":8,"column":77}},"7":{"start":{"line":9,"column":4},"end":{"line":15,"column":7}},"8":{"start":{"line":17,"column":4},"end":{"line":17,"column":16}},"9":{"start":{"line":21,"column":23},"end":{"line":47,"column":1}},"10":{"start":{"line":22,"column":2},"end":{"line":46,"column":3}},"11":{"start":{"line":23,"column":19},"end":{"line":23,"column":30}},"12":{"start":{"line":24,"column":20},"end":{"line":27,"column":5}},"13":{"start":{"line":29,"column":4},"end":{"line":43,"column":5}},"14":{"start":{"line":30,"column":6},"end":{"line":36,"column":9}},"15":{"start":{"line":38,"column":6},"end":{"line":42,"column":9}},"16":{"start":{"line":45,"column":4},"end":{"line":45,"column":16}},"17":{"start":{"line":49,"column":22},"end":{"line":64,"column":1}},"18":{"start":{"line":50,"column":2},"end":{"line":63,"column":3}},"19":{"start":{"line":51,"column":19},"end":{"line":51,"column":30}},"20":{"start":{"line":52,"column":20},"end":{"line":52,"column":74}},"21":{"start":{"line":54,"column":4},"end":{"line":60,"column":7}},"22":{"start":{"line":62,"column":4},"end":{"line":62,"column":16}},"23":{"start":{"line":66,"column":22},"end":{"line":89,"column":1}},"24":{"start":{"line":67,"column":2},"end":{"line":88,"column":3}},"25":{"start":{"line":68,"column":19},"end":{"line":68,"column":30}},"26":{"start":{"line":69,"column":20},"end":{"line":72,"column":5}},"27":{"start":{"line":73,"column":4},"end":{"line":85,"column":5}},"28":{"start":{"line":74,"column":6},"end":{"line":78,"column":9}},"29":{"start":{"line":80,"column":6},"end":{"line":84,"column":9}},"30":{"start":{"line":87,"column":4},"end":{"line":87,"column":16}},"31":{"start":{"line":91,"column":22},"end":{"line":118,"column":1}},"32":{"start":{"line":92,"column":2},"end":{"line":117,"column":3}},"33":{"start":{"line":93,"column":19},"end":{"line":93,"column":30}},"34":{"start":{"line":94,"column":20},"end":{"line":98,"column":5}},"35":{"start":{"line":100,"column":4},"end":{"line":114,"column":5}},"36":{"start":{"line":101,"column":6},"end":{"line":107,"column":9}},"37":{"start":{"line":109,"column":6},"end":{"line":113,"column":9}},"38":{"start":{"line":116,"column":4},"end":{"line":116,"column":16}},"39":{"start":{"line":120,"column":28},"end":{"line":146,"column":1}},"40":{"start":{"line":121,"column":2},"end":{"line":145,"column":3}},"41":{"start":{"line":122,"column":19},"end":{"line":122,"column":30}},"42":{"start":{"line":123,"column":20},"end":{"line":127,"column":5}},"43":{"start":{"line":128,"column":4},"end":{"line":142,"column":5}},"44":{"start":{"line":129,"column":6},"end":{"line":135,"column":9}},"45":{"start":{"line":137,"column":6},"end":{"line":141,"column":9}},"46":{"start":{"line":144,"column":4},"end":{"line":144,"column":16}},"47":{"start":{"line":148,"column":0},"end":{"line":155,"column":2}}},"fnMap":{"0":{"name":"(anonymous_0)","decl":{"start":{"line":5,"column":23},"end":{"line":5,"column":24}},"loc":{"start":{"line":5,"column":49},"end":{"line":19,"column":1}},"line":5},"1":{"name":"(anonymous_1)","decl":{"start":{"line":21,"column":23},"end":{"line":21,"column":24}},"loc":{"start":{"line":21,"column":49},"end":{"line":47,"column":1}},"line":21},"2":{"name":"(anonymous_2)","decl":{"start":{"line":49,"column":22},"end":{"line":49,"column":23}},"loc":{"start":{"line":49,"column":48},"end":{"line":64,"column":1}},"line":49},"3":{"name":"(anonymous_3)","decl":{"start":{"line":66,"column":22},"end":{"line":66,"column":23}},"loc":{"start":{"line":66,"column":48},"end":{"line":89,"column":1}},"line":66},"4":{"name":"(anonymous_4)","decl":{"start":{"line":91,"column":22},"end":{"line":91,"column":23}},"loc":{"start":{"line":91,"column":48},"end":{"line":118,"column":1}},"line":91},"5":{"name":"(anonymous_5)","decl":{"start":{"line":120,"column":28},"end":{"line":120,"column":29}},"loc":{"start":{"line":120,"column":54},"end":{"line":146,"column":1}},"line":120}},"branchMap":{"0":{"loc":{"start":{"line":29,"column":4},"end":{"line":43,"column":5}},"type":"if","locations":[{"start":{"line":29,"column":4},"end":{"line":43,"column":5}},{"start":{"line":29,"column":4},"end":{"line":43,"column":5}}],"line":29},"1":{"loc":{"start":{"line":73,"column":4},"end":{"line":85,"column":5}},"type":"if","locations":[{"start":{"line":73,"column":4},"end":{"line":85,"column":5}},{"start":{"line":73,"column":4},"end":{"line":85,"column":5}}],"line":73},"2":{"loc":{"start":{"line":100,"column":4},"end":{"line":114,"column":5}},"type":"if","locations":[{"start":{"line":100,"column":4},"end":{"line":114,"column":5}},{"start":{"line":100,"column":4},"end":{"line":114,"column":5}}],"line":100},"3":{"loc":{"start":{"line":128,"column":4},"end":{"line":142,"column":5}},"type":"if","locations":[{"start":{"line":128,"column":4},"end":{"line":142,"column":5}},{"start":{"line":128,"column":4},"end":{"line":142,"column":5}}],"line":128}},"s":{"0":1,"1":1,"2":1,"3":1,"4":2,"5":2,"6":1,"7":1,"8":1,"9":1,"10":3,"11":3,"12":2,"13":2,"14":1,"15":1,"16":1,"17":1,"18":2,"19":2,"20":1,"21":1,"22":1,"23":1,"24":3,"25":3,"26":2,"27":2,"28":1,"29":1,"30":1,"31":1,"32":3,"33":3,"34":2,"35":2,"36":1,"37":1,"38":1,"39":1,"40":3,"41":3,"42":2,"43":2,"44":1,"45":1,"46":1,"47":1},"f":{"0":2,"1":3,"2":2,"3":3,"4":3,"5":3},"b":{"0":[1,1],"1":[1,1],"2":[1,1],"3":[1,1]},"_coverageSchema":"1a1c01bbd47fc00a2c39e90264f33305004495a9","hash":"00a779c2f6b72670e9487c35427c67dde7a0e00d"}
,"C:\\Users\\opruk\\Documents\\GitHub\\nodejs-homework-template\\src\\controllers\\users.js": {"path":"C:\\Users\\opruk\\Documents\\GitHub\\nodejs-homework-template\\src\\controllers\\users.js","statementMap":{"0":{"start":{"line":1,"column":38},"end":{"line":1,"column":60}},"1":{"start":{"line":2,"column":21},"end":{"line":2,"column":52}},"2":{"start":{"line":3,"column":20},"end":{"line":3,"column":38}},"3":{"start":{"line":4,"column":20},"end":{"line":4,"column":37}},"4":{"start":{"line":6,"column":12},"end":{"line":36,"column":1}},"5":{"start":{"line":7,"column":58},"end":{"line":7,"column":66}},"6":{"start":{"line":8,"column":15},"end":{"line":8,"column":54}},"7":{"start":{"line":9,"column":2},"end":{"line":14,"column":3}},"8":{"start":{"line":10,"column":4},"end":{"line":13,"column":7}},"9":{"start":{"line":15,"column":2},"end":{"line":35,"column":3}},"10":{"start":{"line":16,"column":20},"end":{"line":22,"column":6}},"11":{"start":{"line":23,"column":4},"end":{"line":32,"column":7}},"12":{"start":{"line":34,"column":4},"end":{"line":34,"column":16}},"13":{"start":{"line":38,"column":14},"end":{"line":59,"column":1}},"14":{"start":{"line":39,"column":2},"end":{"line":58,"column":3}},"15":{"start":{"line":40,"column":32},"end":{"line":40,"column":40}},"16":{"start":{"line":41,"column":18},"end":{"line":41,"column":62}},"17":{"start":{"line":43,"column":4},"end":{"line":51,"column":5}},"18":{"start":{"line":44,"column":6},"end":{"line":50,"column":9}},"19":{"start":{"line":52,"column":4},"end":{"line":55,"column":7}},"20":{"start":{"line":57,"column":4},"end":{"line":57,"column":16}},"21":{"start":{"line":61,"column":15},"end":{"line":68,"column":1}},"22":{"start":{"line":62,"column":17},"end":{"line":62,"column":28}},"23":{"start":{"line":63,"column":2},"end":{"line":63,"column":35}},"24":{"start":{"line":64,"column":2},"end":{"line":67,"column":5}},"25":{"start":{"line":70,"column":20},"end":{"line":87,"column":1}},"26":{"start":{"line":71,"column":2},"end":{"line":86,"column":3}},"27":{"start":{"line":72,"column":17},"end":{"line":72,"column":62}},"28":{"start":{"line":73,"column":4},"end":{"line":79,"column":5}},"29":{"start":{"line":74,"column":6},"end":{"line":78,"column":9}},"30":{"start":{"line":80,"column":4},"end":{"line":83,"column":7}},"31":{"start":{"line":85,"column":4},"end":{"line":85,"column":16}},"32":{"start":{"line":89,"column":33},"end":{"line":115,"column":1}},"33":{"start":{"line":90,"column":2},"end":{"line":114,"column":3}},"34":{"start":{"line":91,"column":17},"end":{"line":94,"column":5}},"35":{"start":{"line":95,"column":4},"end":{"line":107,"column":5}},"36":{"start":{"line":96,"column":6},"end":{"line":106,"column":9}},"37":{"start":{"line":108,"column":4},"end":{"line":111,"column":7}},"38":{"start":{"line":113,"column":4},"end":{"line":113,"column":16}},"39":{"start":{"line":117,"column":16},"end":{"line":126,"column":1}},"40":{"start":{"line":118,"column":17},"end":{"line":118,"column":28}},"41":{"start":{"line":119,"column":19},"end":{"line":119,"column":32}},"42":{"start":{"line":120,"column":14},"end":{"line":120,"column":63}},"43":{"start":{"line":121,"column":2},"end":{"line":125,"column":5}},"44":{"start":{"line":128,"column":0},"end":{"line":135,"column":2}}},"fnMap":{"0":{"name":"(anonymous_0)","decl":{"start":{"line":6,"column":12},"end":{"line":6,"column":13}},"loc":{"start":{"line":6,"column":38},"end":{"line":36,"column":1}},"line":6},"1":{"name":"(anonymous_1)","decl":{"start":{"line":38,"column":14},"end":{"line":38,"column":15}},"loc":{"start":{"line":38,"column":40},"end":{"line":59,"column":1}},"line":38},"2":{"name":"(anonymous_2)","decl":{"start":{"line":61,"column":15},"end":{"line":61,"column":16}},"loc":{"start":{"line":61,"column":41},"end":{"line":68,"column":1}},"line":61},"3":{"name":"(anonymous_3)","decl":{"start":{"line":70,"column":20},"end":{"line":70,"column":21}},"loc":{"start":{"line":70,"column":46},"end":{"line":87,"column":1}},"line":70},"4":{"name":"(anonymous_4)","decl":{"start":{"line":89,"column":33},"end":{"line":89,"column":34}},"loc":{"start":{"line":89,"column":59},"end":{"line":115,"column":1}},"line":89},"5":{"name":"(anonymous_5)","decl":{"start":{"line":117,"column":16},"end":{"line":117,"column":17}},"loc":{"start":{"line":117,"column":42},"end":{"line":126,"column":1}},"line":117}},"branchMap":{"0":{"loc":{"start":{"line":9,"column":2},"end":{"line":14,"column":3}},"type":"if","locations":[{"start":{"line":9,"column":2},"end":{"line":14,"column":3}},{"start":{"line":9,"column":2},"end":{"line":14,"column":3}}],"line":9},"1":{"loc":{"start":{"line":43,"column":4},"end":{"line":51,"column":5}},"type":"if","locations":[{"start":{"line":43,"column":4},"end":{"line":51,"column":5}},{"start":{"line":43,"column":4},"end":{"line":51,"column":5}}],"line":43},"2":{"loc":{"start":{"line":73,"column":4},"end":{"line":79,"column":5}},"type":"if","locations":[{"start":{"line":73,"column":4},"end":{"line":79,"column":5}},{"start":{"line":73,"column":4},"end":{"line":79,"column":5}}],"line":73},"3":{"loc":{"start":{"line":95,"column":4},"end":{"line":107,"column":5}},"type":"if","locations":[{"start":{"line":95,"column":4},"end":{"line":107,"column":5}},{"start":{"line":95,"column":4},"end":{"line":107,"column":5}}],"line":95}},"s":{"0":1,"1":1,"2":1,"3":1,"4":1,"5":2,"6":2,"7":2,"8":1,"9":1,"10":1,"11":1,"12":0,"13":1,"14":3,"15":3,"16":2,"17":2,"18":1,"19":1,"20":1,"21":1,"22":1,"23":1,"24":1,"25":1,"26":2,"27":2,"28":2,"29":1,"30":1,"31":0,"32":1,"33":0,"34":0,"35":0,"36":0,"37":0,"38":0,"39":1,"40":0,"41":0,"42":0,"43":0,"44":1},"f":{"0":2,"1":3,"2":1,"3":2,"4":0,"5":0},"b":{"0":[1,1],"1":[1,1],"2":[1,1],"3":[0,0]},"_coverageSchema":"1a1c01bbd47fc00a2c39e90264f33305004495a9","hash":"9f3f834dbf372f1f1cf74acfbdea41bbf37d0742"}
,"C:\\Users\\opruk\\Documents\\GitHub\\nodejs-homework-template\\src\\helpers\\constants.js": {"path":"C:\\Users\\opruk\\Documents\\GitHub\\nodejs-homework-template\\src\\helpers\\constants.js","statementMap":{"0":{"start":{"line":1,"column":17},"end":{"line":11,"column":1}},"1":{"start":{"line":13,"column":21},"end":{"line":18,"column":1}},"2":{"start":{"line":20,"column":0},"end":{"line":20,"column":44}}},"fnMap":{},"branchMap":{},"s":{"0":2,"1":2,"2":2},"f":{},"b":{},"_coverageSchema":"1a1c01bbd47fc00a2c39e90264f33305004495a9","hash":"b27243685872e2c3f355ca717a36cf3d26ec2275"}
}
