{"C:\\Users\\opruk\\Documents\\GitHub\\nodejs-homework-template\\src\\app.js": {"path":"C:\\Users\\opruk\\Documents\\GitHub\\nodejs-homework-template\\src\\app.js","statementMap":{"0":{"start":{"line":1,"column":16},"end":{"line":1,"column":34}},"1":{"start":{"line":2,"column":15},"end":{"line":2,"column":32}},"2":{"start":{"line":3,"column":15},"end":{"line":3,"column":32}},"3":{"start":{"line":4,"column":13},"end":{"line":4,"column":28}},"4":{"start":{"line":5,"column":18},"end":{"line":5,"column":47}},"5":{"start":{"line":6,"column":21},"end":{"line":6,"column":51}},"6":{"start":{"line":7,"column":21},"end":{"line":7,"column":56}},"7":{"start":{"line":8,"column":25},"end":{"line":8,"column":58}},"8":{"start":{"line":10,"column":23},"end":{"line":10,"column":57}},"9":{"start":{"line":11,"column":20},"end":{"line":11,"column":48}},"10":{"start":{"line":13,"column":12},"end":{"line":13,"column":21}},"11":{"start":{"line":15,"column":22},"end":{"line":15,"column":72}},"12":{"start":{"line":17,"column":0},"end":{"line":17,"column":18}},"13":{"start":{"line":18,"column":0},"end":{"line":18,"column":31}},"14":{"start":{"line":19,"column":0},"end":{"line":19,"column":16}},"15":{"start":{"line":20,"column":0},"end":{"line":20,"column":53}},"16":{"start":{"line":22,"column":0},"end":{"line":36,"column":2}},"17":{"start":{"line":28,"column":6},"end":{"line":33,"column":8}},"18":{"start":{"line":38,"column":0},"end":{"line":38,"column":35}},"19":{"start":{"line":39,"column":0},"end":{"line":39,"column":41}},"20":{"start":{"line":41,"column":0},"end":{"line":48,"column":3}},"21":{"start":{"line":42,"column":2},"end":{"line":47,"column":5}},"22":{"start":{"line":50,"column":0},"end":{"line":58,"column":3}},"23":{"start":{"line":51,"column":2},"end":{"line":51,"column":72}},"24":{"start":{"line":52,"column":2},"end":{"line":57,"column":5}},"25":{"start":{"line":60,"column":0},"end":{"line":60,"column":21}}},"fnMap":{"0":{"name":"(anonymous_0)","decl":{"start":{"line":27,"column":13},"end":{"line":27,"column":14}},"loc":{"start":{"line":27,"column":35},"end":{"line":34,"column":5}},"line":27},"1":{"name":"(anonymous_1)","decl":{"start":{"line":41,"column":8},"end":{"line":41,"column":9}},"loc":{"start":{"line":41,"column":22},"end":{"line":48,"column":1}},"line":41},"2":{"name":"(anonymous_2)","decl":{"start":{"line":50,"column":8},"end":{"line":50,"column":9}},"loc":{"start":{"line":50,"column":35},"end":{"line":58,"column":1}},"line":50}},"branchMap":{"0":{"loc":{"start":{"line":15,"column":22},"end":{"line":15,"column":72}},"type":"cond-expr","locations":[{"start":{"line":15,"column":57},"end":{"line":15,"column":62}},{"start":{"line":15,"column":65},"end":{"line":15,"column":72}}],"line":15},"1":{"loc":{"start":{"line":51,"column":15},"end":{"line":51,"column":71}},"type":"cond-expr","locations":[{"start":{"line":51,"column":28},"end":{"line":51,"column":38}},{"start":{"line":51,"column":41},"end":{"line":51,"column":71}}],"line":51},"2":{"loc":{"start":{"line":53,"column":12},"end":{"line":53,"column":49}},"type":"cond-expr","locations":[{"start":{"line":53,"column":33},"end":{"line":53,"column":39}},{"start":{"line":53,"column":42},"end":{"line":53,"column":49}}],"line":53},"3":{"loc":{"start":{"line":56,"column":10},"end":{"line":56,"column":65}},"type":"cond-expr","locations":[{"start":{"line":56,"column":31},"end":{"line":56,"column":54}},{"start":{"line":56,"column":57},"end":{"line":56,"column":65}}],"line":56}},"s":{"0":1,"1":1,"2":1,"3":1,"4":1,"5":1,"6":1,"7":1,"8":1,"9":1,"10":1,"11":1,"12":1,"13":1,"14":1,"15":1,"16":1,"17":0,"18":1,"19":1,"20":1,"21":0,"22":1,"23":1,"24":1,"25":1},"f":{"0":0,"1":0,"2":1},"b":{"0":[0,1],"1":[1,0],"2":[0,1],"3":[0,1]},"_coverageSchema":"1a1c01bbd47fc00a2c39e90264f33305004495a9","hash":"ea1be3c8a3c1605172abdb1d086ef39677bc81d3"}
,"C:\\Users\\opruk\\Documents\\GitHub\\nodejs-homework-template\\src\\api\\contacts\\contacts.js": {"path":"C:\\Users\\opruk\\Documents\\GitHub\\nodejs-homework-template\\src\\api\\contacts\\contacts.js","statementMap":{"0":{"start":{"line":1,"column":16},"end":{"line":1,"column":34}},"1":{"start":{"line":2,"column":15},"end":{"line":2,"column":31}},"2":{"start":{"line":3,"column":28},"end":{"line":3,"column":65}},"3":{"start":{"line":8,"column":4},"end":{"line":8,"column":39}},"4":{"start":{"line":9,"column":14},"end":{"line":9,"column":44}},"5":{"start":{"line":11,"column":0},"end":{"line":13,"column":78}},"6":{"start":{"line":15,"column":0},"end":{"line":29,"column":4}},"7":{"start":{"line":31,"column":0},"end":{"line":31,"column":24}}},"fnMap":{},"branchMap":{},"s":{"0":1,"1":1,"2":1,"3":1,"4":1,"5":1,"6":1,"7":1},"f":{},"b":{},"_coverageSchema":"1a1c01bbd47fc00a2c39e90264f33305004495a9","hash":"87c33541e126f525a60fbd9afb83424cee2ce836"}
,"C:\\Users\\opruk\\Documents\\GitHub\\nodejs-homework-template\\src\\api\\users\\users.js": {"path":"C:\\Users\\opruk\\Documents\\GitHub\\nodejs-homework-template\\src\\api\\users\\users.js","statementMap":{"0":{"start":{"line":1,"column":16},"end":{"line":1,"column":34}},"1":{"start":{"line":2,"column":15},"end":{"line":2,"column":31}},"2":{"start":{"line":3,"column":25},"end":{"line":3,"column":59}},"3":{"start":{"line":4,"column":14},"end":{"line":4,"column":44}},"4":{"start":{"line":8,"column":4},"end":{"line":8,"column":39}},"5":{"start":{"line":9,"column":45},"end":{"line":9,"column":77}},"6":{"start":{"line":11,"column":15},"end":{"line":11,"column":46}},"7":{"start":{"line":13,"column":0},"end":{"line":24,"column":79}},"8":{"start":{"line":26,"column":0},"end":{"line":26,"column":24}}},"fnMap":{},"branchMap":{},"s":{"0":1,"1":1,"2":1,"3":1,"4":1,"5":1,"6":1,"7":1,"8":1},"f":{},"b":{},"_coverageSchema":"1a1c01bbd47fc00a2c39e90264f33305004495a9","hash":"2b460a6a79d854e469e0cc46ce153354ec964e80"}
,"C:\\Users\\opruk\\Documents\\GitHub\\nodejs-homework-template\\src\\config\\passport.js": {"path":"C:\\Users\\opruk\\Documents\\GitHub\\nodejs-homework-template\\src\\config\\passport.js","statementMap":{"0":{"start":{"line":1,"column":17},"end":{"line":1,"column":36}},"1":{"start":{"line":2,"column":25},"end":{"line":2,"column":47}},"2":{"start":{"line":3,"column":33},"end":{"line":3,"column":56}},"3":{"start":{"line":4,"column":0},"end":{"line":4,"column":27}},"4":{"start":{"line":5,"column":19},"end":{"line":5,"column":45}},"5":{"start":{"line":7,"column":13},"end":{"line":10,"column":1}},"6":{"start":{"line":12,"column":0},"end":{"line":28,"column":2}},"7":{"start":{"line":14,"column":4},"end":{"line":26,"column":5}},"8":{"start":{"line":15,"column":22},"end":{"line":15,"column":40}},"9":{"start":{"line":16,"column":19},"end":{"line":16,"column":56}},"10":{"start":{"line":17,"column":6},"end":{"line":19,"column":7}},"11":{"start":{"line":18,"column":8},"end":{"line":18,"column":49}},"12":{"start":{"line":20,"column":6},"end":{"line":22,"column":7}},"13":{"start":{"line":21,"column":8},"end":{"line":21,"column":33}},"14":{"start":{"line":23,"column":6},"end":{"line":23,"column":30}},"15":{"start":{"line":25,"column":6},"end":{"line":25,"column":18}}},"fnMap":{"0":{"name":"(anonymous_0)","decl":{"start":{"line":13,"column":21},"end":{"line":13,"column":22}},"loc":{"start":{"line":13,"column":46},"end":{"line":27,"column":3}},"line":13}},"branchMap":{"0":{"loc":{"start":{"line":17,"column":6},"end":{"line":19,"column":7}},"type":"if","locations":[{"start":{"line":17,"column":6},"end":{"line":19,"column":7}},{"start":{"line":17,"column":6},"end":{"line":19,"column":7}}],"line":17},"1":{"loc":{"start":{"line":20,"column":6},"end":{"line":22,"column":7}},"type":"if","locations":[{"start":{"line":20,"column":6},"end":{"line":22,"column":7}},{"start":{"line":20,"column":6},"end":{"line":22,"column":7}}],"line":20}},"s":{"0":1,"1":1,"2":1,"3":1,"4":1,"5":1,"6":1,"7":1,"8":1,"9":1,"10":1,"11":0,"12":1,"13":0,"14":1,"15":0},"f":{"0":1},"b":{"0":[0,1],"1":[0,1]},"_coverageSchema":"1a1c01bbd47fc00a2c39e90264f33305004495a9","hash":"daf5140fadf5b20106e5d81affdbc87eb669e666"}
,"C:\\Users\\opruk\\Documents\\GitHub\\nodejs-homework-template\\src\\controllers\\contacts.js": {"path":"C:\\Users\\opruk\\Documents\\GitHub\\nodejs-homework-template\\src\\controllers\\contacts.js","statementMap":{"0":{"start":{"line":1,"column":21},"end":{"line":1,"column":52}},"1":{"start":{"line":2,"column":28},"end":{"line":2,"column":50}},"2":{"start":{"line":3,"column":25},"end":{"line":3,"column":46}},"3":{"start":{"line":5,"column":23},"end":{"line":19,"column":1}},"4":{"start":{"line":6,"column":2},"end":{"line":18,"column":3}},"5":{"start":{"line":7,"column":19},"end":{"line":7,"column":30}},"6":{"start":{"line":8,"column":21},"end":{"line":8,"column":77}},"7":{"start":{"line":9,"column":4},"end":{"line":15,"column":7}},"8":{"start":{"line":17,"column":4},"end":{"line":17,"column":16}},"9":{"start":{"line":21,"column":23},"end":{"line":47,"column":1}},"10":{"start":{"line":22,"column":2},"end":{"line":46,"column":3}},"11":{"start":{"line":23,"column":19},"end":{"line":23,"column":30}},"12":{"start":{"line":24,"column":20},"end":{"line":27,"column":5}},"13":{"start":{"line":29,"column":4},"end":{"line":43,"column":5}},"14":{"start":{"line":30,"column":6},"end":{"line":36,"column":9}},"15":{"start":{"line":38,"column":6},"end":{"line":42,"column":9}},"16":{"start":{"line":45,"column":4},"end":{"line":45,"column":16}},"17":{"start":{"line":49,"column":22},"end":{"line":64,"column":1}},"18":{"start":{"line":50,"column":2},"end":{"line":63,"column":3}},"19":{"start":{"line":51,"column":19},"end":{"line":51,"column":30}},"20":{"start":{"line":52,"column":20},"end":{"line":52,"column":74}},"21":{"start":{"line":54,"column":4},"end":{"line":60,"column":7}},"22":{"start":{"line":62,"column":4},"end":{"line":62,"column":16}},"23":{"start":{"line":66,"column":22},"end":{"line":89,"column":1}},"24":{"start":{"line":67,"column":2},"end":{"line":88,"column":3}},"25":{"start":{"line":68,"column":19},"end":{"line":68,"column":30}},"26":{"start":{"line":69,"column":20},"end":{"line":72,"column":5}},"27":{"start":{"line":73,"column":4},"end":{"line":85,"column":5}},"28":{"start":{"line":74,"column":6},"end":{"line":78,"column":9}},"29":{"start":{"line":80,"column":6},"end":{"line":84,"column":9}},"30":{"start":{"line":87,"column":4},"end":{"line":87,"column":16}},"31":{"start":{"line":91,"column":22},"end":{"line":118,"column":1}},"32":{"start":{"line":92,"column":2},"end":{"line":117,"column":3}},"33":{"start":{"line":93,"column":19},"end":{"line":93,"column":30}},"34":{"start":{"line":94,"column":20},"end":{"line":98,"column":5}},"35":{"start":{"line":100,"column":4},"end":{"line":114,"column":5}},"36":{"start":{"line":101,"column":6},"end":{"line":107,"column":9}},"37":{"start":{"line":109,"column":6},"end":{"line":113,"column":9}},"38":{"start":{"line":116,"column":4},"end":{"line":116,"column":16}},"39":{"start":{"line":120,"column":28},"end":{"line":146,"column":1}},"40":{"start":{"line":121,"column":2},"end":{"line":145,"column":3}},"41":{"start":{"line":122,"column":19},"end":{"line":122,"column":30}},"42":{"start":{"line":123,"column":20},"end":{"line":127,"column":5}},"43":{"start":{"line":128,"column":4},"end":{"line":142,"column":5}},"44":{"start":{"line":129,"column":6},"end":{"line":135,"column":9}},"45":{"start":{"line":137,"column":6},"end":{"line":141,"column":9}},"46":{"start":{"line":144,"column":4},"end":{"line":144,"column":16}},"47":{"start":{"line":148,"column":0},"end":{"line":155,"column":2}}},"fnMap":{"0":{"name":"(anonymous_0)","decl":{"start":{"line":5,"column":23},"end":{"line":5,"column":24}},"loc":{"start":{"line":5,"column":49},"end":{"line":19,"column":1}},"line":5},"1":{"name":"(anonymous_1)","decl":{"start":{"line":21,"column":23},"end":{"line":21,"column":24}},"loc":{"start":{"line":21,"column":49},"end":{"line":47,"column":1}},"line":21},"2":{"name":"(anonymous_2)","decl":{"start":{"line":49,"column":22},"end":{"line":49,"column":23}},"loc":{"start":{"line":49,"column":48},"end":{"line":64,"column":1}},"line":49},"3":{"name":"(anonymous_3)","decl":{"start":{"line":66,"column":22},"end":{"line":66,"column":23}},"loc":{"start":{"line":66,"column":48},"end":{"line":89,"column":1}},"line":66},"4":{"name":"(anonymous_4)","decl":{"start":{"line":91,"column":22},"end":{"line":91,"column":23}},"loc":{"start":{"line":91,"column":48},"end":{"line":118,"column":1}},"line":91},"5":{"name":"(anonymous_5)","decl":{"start":{"line":120,"column":28},"end":{"line":120,"column":29}},"loc":{"start":{"line":120,"column":54},"end":{"line":146,"column":1}},"line":120}},"branchMap":{"0":{"loc":{"start":{"line":29,"column":4},"end":{"line":43,"column":5}},"type":"if","locations":[{"start":{"line":29,"column":4},"end":{"line":43,"column":5}},{"start":{"line":29,"column":4},"end":{"line":43,"column":5}}],"line":29},"1":{"loc":{"start":{"line":73,"column":4},"end":{"line":85,"column":5}},"type":"if","locations":[{"start":{"line":73,"column":4},"end":{"line":85,"column":5}},{"start":{"line":73,"column":4},"end":{"line":85,"column":5}}],"line":73},"2":{"loc":{"start":{"line":100,"column":4},"end":{"line":114,"column":5}},"type":"if","locations":[{"start":{"line":100,"column":4},"end":{"line":114,"column":5}},{"start":{"line":100,"column":4},"end":{"line":114,"column":5}}],"line":100},"3":{"loc":{"start":{"line":128,"column":4},"end":{"line":142,"column":5}},"type":"if","locations":[{"start":{"line":128,"column":4},"end":{"line":142,"column":5}},{"start":{"line":128,"column":4},"end":{"line":142,"column":5}}],"line":128}},"s":{"0":2,"1":2,"2":2,"3":2,"4":2,"5":2,"6":1,"7":1,"8":1,"9":2,"10":3,"11":3,"12":2,"13":2,"14":1,"15":1,"16":1,"17":2,"18":2,"19":2,"20":1,"21":1,"22":1,"23":2,"24":3,"25":3,"26":2,"27":2,"28":1,"29":1,"30":1,"31":2,"32":3,"33":3,"34":2,"35":2,"36":1,"37":1,"38":1,"39":2,"40":3,"41":3,"42":2,"43":2,"44":1,"45":1,"46":1,"47":2},"f":{"0":2,"1":3,"2":2,"3":3,"4":3,"5":3},"b":{"0":[1,1],"1":[1,1],"2":[1,1],"3":[1,1]},"_coverageSchema":"1a1c01bbd47fc00a2c39e90264f33305004495a9","hash":"00a779c2f6b72670e9487c35427c67dde7a0e00d"}
,"C:\\Users\\opruk\\Documents\\GitHub\\nodejs-homework-template\\src\\controllers\\users.js": {"path":"C:\\Users\\opruk\\Documents\\GitHub\\nodejs-homework-template\\src\\controllers\\users.js","statementMap":{"0":{"start":{"line":1,"column":38},"end":{"line":1,"column":60}},"1":{"start":{"line":2,"column":21},"end":{"line":2,"column":52}},"2":{"start":{"line":3,"column":20},"end":{"line":3,"column":38}},"3":{"start":{"line":4,"column":20},"end":{"line":4,"column":37}},"4":{"start":{"line":6,"column":12},"end":{"line":36,"column":1}},"5":{"start":{"line":7,"column":58},"end":{"line":7,"column":66}},"6":{"start":{"line":8,"column":15},"end":{"line":8,"column":54}},"7":{"start":{"line":9,"column":2},"end":{"line":14,"column":3}},"8":{"start":{"line":10,"column":4},"end":{"line":13,"column":7}},"9":{"start":{"line":15,"column":2},"end":{"line":35,"column":3}},"10":{"start":{"line":16,"column":20},"end":{"line":22,"column":6}},"11":{"start":{"line":23,"column":4},"end":{"line":32,"column":7}},"12":{"start":{"line":34,"column":4},"end":{"line":34,"column":16}},"13":{"start":{"line":38,"column":14},"end":{"line":59,"column":1}},"14":{"start":{"line":39,"column":2},"end":{"line":58,"column":3}},"15":{"start":{"line":40,"column":32},"end":{"line":40,"column":40}},"16":{"start":{"line":41,"column":18},"end":{"line":41,"column":62}},"17":{"start":{"line":43,"column":4},"end":{"line":51,"column":5}},"18":{"start":{"line":44,"column":6},"end":{"line":50,"column":9}},"19":{"start":{"line":52,"column":4},"end":{"line":55,"column":7}},"20":{"start":{"line":57,"column":4},"end":{"line":57,"column":16}},"21":{"start":{"line":61,"column":15},"end":{"line":68,"column":1}},"22":{"start":{"line":62,"column":17},"end":{"line":62,"column":28}},"23":{"start":{"line":63,"column":2},"end":{"line":63,"column":35}},"24":{"start":{"line":64,"column":2},"end":{"line":67,"column":5}},"25":{"start":{"line":70,"column":20},"end":{"line":87,"column":1}},"26":{"start":{"line":71,"column":2},"end":{"line":86,"column":3}},"27":{"start":{"line":72,"column":17},"end":{"line":72,"column":62}},"28":{"start":{"line":73,"column":4},"end":{"line":79,"column":5}},"29":{"start":{"line":74,"column":6},"end":{"line":78,"column":9}},"30":{"start":{"line":80,"column":4},"end":{"line":83,"column":7}},"31":{"start":{"line":85,"column":4},"end":{"line":85,"column":16}},"32":{"start":{"line":89,"column":33},"end":{"line":115,"column":1}},"33":{"start":{"line":90,"column":2},"end":{"line":114,"column":3}},"34":{"start":{"line":91,"column":17},"end":{"line":94,"column":5}},"35":{"start":{"line":95,"column":4},"end":{"line":107,"column":5}},"36":{"start":{"line":96,"column":6},"end":{"line":106,"column":9}},"37":{"start":{"line":108,"column":4},"end":{"line":111,"column":7}},"38":{"start":{"line":113,"column":4},"end":{"line":113,"column":16}},"39":{"start":{"line":117,"column":16},"end":{"line":128,"column":1}},"40":{"start":{"line":118,"column":17},"end":{"line":118,"column":28}},"41":{"start":{"line":119,"column":19},"end":{"line":119,"column":32}},"42":{"start":{"line":121,"column":14},"end":{"line":121,"column":63}},"43":{"start":{"line":123,"column":2},"end":{"line":127,"column":5}},"44":{"start":{"line":130,"column":0},"end":{"line":137,"column":2}}},"fnMap":{"0":{"name":"(anonymous_0)","decl":{"start":{"line":6,"column":12},"end":{"line":6,"column":13}},"loc":{"start":{"line":6,"column":38},"end":{"line":36,"column":1}},"line":6},"1":{"name":"(anonymous_1)","decl":{"start":{"line":38,"column":14},"end":{"line":38,"column":15}},"loc":{"start":{"line":38,"column":40},"end":{"line":59,"column":1}},"line":38},"2":{"name":"(anonymous_2)","decl":{"start":{"line":61,"column":15},"end":{"line":61,"column":16}},"loc":{"start":{"line":61,"column":41},"end":{"line":68,"column":1}},"line":61},"3":{"name":"(anonymous_3)","decl":{"start":{"line":70,"column":20},"end":{"line":70,"column":21}},"loc":{"start":{"line":70,"column":46},"end":{"line":87,"column":1}},"line":70},"4":{"name":"(anonymous_4)","decl":{"start":{"line":89,"column":33},"end":{"line":89,"column":34}},"loc":{"start":{"line":89,"column":59},"end":{"line":115,"column":1}},"line":89},"5":{"name":"(anonymous_5)","decl":{"start":{"line":117,"column":16},"end":{"line":117,"column":17}},"loc":{"start":{"line":117,"column":42},"end":{"line":128,"column":1}},"line":117}},"branchMap":{"0":{"loc":{"start":{"line":9,"column":2},"end":{"line":14,"column":3}},"type":"if","locations":[{"start":{"line":9,"column":2},"end":{"line":14,"column":3}},{"start":{"line":9,"column":2},"end":{"line":14,"column":3}}],"line":9},"1":{"loc":{"start":{"line":43,"column":4},"end":{"line":51,"column":5}},"type":"if","locations":[{"start":{"line":43,"column":4},"end":{"line":51,"column":5}},{"start":{"line":43,"column":4},"end":{"line":51,"column":5}}],"line":43},"2":{"loc":{"start":{"line":73,"column":4},"end":{"line":79,"column":5}},"type":"if","locations":[{"start":{"line":73,"column":4},"end":{"line":79,"column":5}},{"start":{"line":73,"column":4},"end":{"line":79,"column":5}}],"line":73},"3":{"loc":{"start":{"line":95,"column":4},"end":{"line":107,"column":5}},"type":"if","locations":[{"start":{"line":95,"column":4},"end":{"line":107,"column":5}},{"start":{"line":95,"column":4},"end":{"line":107,"column":5}}],"line":95}},"s":{"0":2,"1":2,"2":2,"3":2,"4":2,"5":2,"6":2,"7":2,"8":1,"9":1,"10":1,"11":1,"12":0,"13":2,"14":3,"15":3,"16":2,"17":2,"18":1,"19":1,"20":1,"21":2,"22":1,"23":1,"24":1,"25":2,"26":2,"27":2,"28":2,"29":1,"30":1,"31":0,"32":2,"33":0,"34":0,"35":0,"36":0,"37":0,"38":0,"39":2,"40":1,"41":1,"42":1,"43":1,"44":2},"f":{"0":2,"1":3,"2":1,"3":2,"4":0,"5":1},"b":{"0":[1,1],"1":[1,1],"2":[1,1],"3":[0,0]},"_coverageSchema":"1a1c01bbd47fc00a2c39e90264f33305004495a9","hash":"c08b1209ef4dc679a57223c7a79aec40ebcef2da"}
,"C:\\Users\\opruk\\Documents\\GitHub\\nodejs-homework-template\\src\\helpers\\constants.js": {"path":"C:\\Users\\opruk\\Documents\\GitHub\\nodejs-homework-template\\src\\helpers\\constants.js","statementMap":{"0":{"start":{"line":1,"column":17},"end":{"line":11,"column":1}},"1":{"start":{"line":13,"column":21},"end":{"line":18,"column":1}},"2":{"start":{"line":20,"column":0},"end":{"line":20,"column":44}}},"fnMap":{},"branchMap":{},"s":{"0":3,"1":3,"2":3},"f":{},"b":{},"_coverageSchema":"1a1c01bbd47fc00a2c39e90264f33305004495a9","hash":"b27243685872e2c3f355ca717a36cf3d26ec2275"}
,"C:\\Users\\opruk\\Documents\\GitHub\\nodejs-homework-template\\src\\helpers\\errorHandler.js": {"path":"C:\\Users\\opruk\\Documents\\GitHub\\nodejs-homework-template\\src\\helpers\\errorHandler.js","statementMap":{"0":{"start":{"line":3,"column":4},"end":{"line":3,"column":12}},"1":{"start":{"line":4,"column":4},"end":{"line":4,"column":25}},"2":{"start":{"line":5,"column":4},"end":{"line":5,"column":27}},"3":{"start":{"line":6,"column":4},"end":{"line":6,"column":21}},"4":{"start":{"line":10,"column":0},"end":{"line":10,"column":30}}},"fnMap":{"0":{"name":"(anonymous_0)","decl":{"start":{"line":2,"column":2},"end":{"line":2,"column":3}},"loc":{"start":{"line":2,"column":44},"end":{"line":7,"column":3}},"line":2}},"branchMap":{"0":{"loc":{"start":{"line":2,"column":31},"end":{"line":2,"column":42}},"type":"default-arg","locations":[{"start":{"line":2,"column":38},"end":{"line":2,"column":42}}],"line":2}},"s":{"0":0,"1":0,"2":0,"3":0,"4":1},"f":{"0":0},"b":{"0":[0]},"_coverageSchema":"1a1c01bbd47fc00a2c39e90264f33305004495a9","hash":"7e56839449e0e629fcb1c54b9e7890a452c77156"}
,"C:\\Users\\opruk\\Documents\\GitHub\\nodejs-homework-template\\src\\helpers\\guard.js": {"path":"C:\\Users\\opruk\\Documents\\GitHub\\nodejs-homework-template\\src\\helpers\\guard.js","statementMap":{"0":{"start":{"line":1,"column":17},"end":{"line":1,"column":36}},"1":{"start":{"line":2,"column":0},"end":{"line":2,"column":30}},"2":{"start":{"line":3,"column":21},"end":{"line":3,"column":43}},"3":{"start":{"line":5,"column":14},"end":{"line":17,"column":1}},"4":{"start":{"line":6,"column":2},"end":{"line":16,"column":21}},"5":{"start":{"line":7,"column":4},"end":{"line":12,"column":5}},"6":{"start":{"line":8,"column":6},"end":{"line":11,"column":9}},"7":{"start":{"line":14,"column":4},"end":{"line":14,"column":20}},"8":{"start":{"line":15,"column":4},"end":{"line":15,"column":18}},"9":{"start":{"line":19,"column":0},"end":{"line":19,"column":23}}},"fnMap":{"0":{"name":"(anonymous_0)","decl":{"start":{"line":5,"column":14},"end":{"line":5,"column":15}},"loc":{"start":{"line":5,"column":34},"end":{"line":17,"column":1}},"line":5},"1":{"name":"(anonymous_1)","decl":{"start":{"line":6,"column":51},"end":{"line":6,"column":52}},"loc":{"start":{"line":6,"column":66},"end":{"line":16,"column":3}},"line":6}},"branchMap":{"0":{"loc":{"start":{"line":7,"column":4},"end":{"line":12,"column":5}},"type":"if","locations":[{"start":{"line":7,"column":4},"end":{"line":12,"column":5}},{"start":{"line":7,"column":4},"end":{"line":12,"column":5}}],"line":7},"1":{"loc":{"start":{"line":7,"column":8},"end":{"line":7,"column":20}},"type":"binary-expr","locations":[{"start":{"line":7,"column":8},"end":{"line":7,"column":11}},{"start":{"line":7,"column":15},"end":{"line":7,"column":20}}],"line":7}},"s":{"0":1,"1":1,"2":1,"3":1,"4":2,"5":2,"6":1,"7":1,"8":1,"9":1},"f":{"0":2,"1":2},"b":{"0":[1,1],"1":[2,2]},"_coverageSchema":"1a1c01bbd47fc00a2c39e90264f33305004495a9","hash":"de81d939f85fb17df138ba45a3a8e8d668c7009c"}
,"C:\\Users\\opruk\\Documents\\GitHub\\nodejs-homework-template\\src\\helpers\\rate-limit.js": {"path":"C:\\Users\\opruk\\Documents\\GitHub\\nodejs-homework-template\\src\\helpers\\rate-limit.js","statementMap":{"0":{"start":{"line":1,"column":18},"end":{"line":1,"column":47}},"1":{"start":{"line":2,"column":21},"end":{"line":2,"column":43}},"2":{"start":{"line":3,"column":28},"end":{"line":3,"column":64}},"3":{"start":{"line":5,"column":29},"end":{"line":16,"column":2}},"4":{"start":{"line":9,"column":4},"end":{"line":14,"column":7}},"5":{"start":{"line":18,"column":21},"end":{"line":29,"column":2}},"6":{"start":{"line":22,"column":4},"end":{"line":27,"column":7}},"7":{"start":{"line":31,"column":0},"end":{"line":31,"column":56}}},"fnMap":{"0":{"name":"(anonymous_0)","decl":{"start":{"line":8,"column":11},"end":{"line":8,"column":12}},"loc":{"start":{"line":8,"column":26},"end":{"line":15,"column":3}},"line":8},"1":{"name":"(anonymous_1)","decl":{"start":{"line":21,"column":11},"end":{"line":21,"column":12}},"loc":{"start":{"line":21,"column":26},"end":{"line":28,"column":3}},"line":21}},"branchMap":{},"s":{"0":1,"1":1,"2":1,"3":1,"4":0,"5":1,"6":0,"7":1},"f":{"0":0,"1":0},"b":{},"_coverageSchema":"1a1c01bbd47fc00a2c39e90264f33305004495a9","hash":"e182f17674d6ddd271630841cd7cc4b37d834866"}
,"C:\\Users\\opruk\\Documents\\GitHub\\nodejs-homework-template\\src\\validator\\contacts.js": {"path":"C:\\Users\\opruk\\Documents\\GitHub\\nodejs-homework-template\\src\\validator\\contacts.js","statementMap":{"0":{"start":{"line":1,"column":12},"end":{"line":1,"column":26}},"1":{"start":{"line":2,"column":17},"end":{"line":2,"column":48}},"2":{"start":{"line":4,"column":28},"end":{"line":23,"column":2}},"3":{"start":{"line":25,"column":28},"end":{"line":44,"column":2}},"4":{"start":{"line":46,"column":26},"end":{"line":48,"column":2}},"5":{"start":{"line":50,"column":17},"end":{"line":62,"column":1}},"6":{"start":{"line":51,"column":20},"end":{"line":51,"column":40}},"7":{"start":{"line":53,"column":2},"end":{"line":60,"column":3}},"8":{"start":{"line":54,"column":26},"end":{"line":54,"column":39}},"9":{"start":{"line":55,"column":4},"end":{"line":59,"column":7}},"10":{"start":{"line":61,"column":2},"end":{"line":61,"column":9}},"11":{"start":{"line":64,"column":0},"end":{"line":66,"column":2}},"12":{"start":{"line":65,"column":2},"end":{"line":65,"column":55}},"13":{"start":{"line":68,"column":0},"end":{"line":70,"column":2}},"14":{"start":{"line":69,"column":2},"end":{"line":69,"column":55}},"15":{"start":{"line":72,"column":0},"end":{"line":74,"column":2}},"16":{"start":{"line":73,"column":2},"end":{"line":73,"column":53}}},"fnMap":{"0":{"name":"(anonymous_0)","decl":{"start":{"line":50,"column":17},"end":{"line":50,"column":18}},"loc":{"start":{"line":50,"column":40},"end":{"line":62,"column":1}},"line":50},"1":{"name":"(anonymous_1)","decl":{"start":{"line":64,"column":39},"end":{"line":64,"column":40}},"loc":{"start":{"line":64,"column":57},"end":{"line":66,"column":1}},"line":64},"2":{"name":"(anonymous_2)","decl":{"start":{"line":68,"column":39},"end":{"line":68,"column":40}},"loc":{"start":{"line":68,"column":57},"end":{"line":70,"column":1}},"line":68},"3":{"name":"(anonymous_3)","decl":{"start":{"line":72,"column":38},"end":{"line":72,"column":39}},"loc":{"start":{"line":72,"column":56},"end":{"line":74,"column":1}},"line":72}},"branchMap":{"0":{"loc":{"start":{"line":53,"column":2},"end":{"line":60,"column":3}},"type":"if","locations":[{"start":{"line":53,"column":2},"end":{"line":60,"column":3}},{"start":{"line":53,"column":2},"end":{"line":60,"column":3}}],"line":53}},"s":{"0":1,"1":1,"2":1,"3":1,"4":1,"5":1,"6":0,"7":0,"8":0,"9":0,"10":0,"11":1,"12":0,"13":1,"14":0,"15":1,"16":0},"f":{"0":0,"1":0,"2":0,"3":0},"b":{"0":[0,0]},"_coverageSchema":"1a1c01bbd47fc00a2c39e90264f33305004495a9","hash":"3c1bd7102960d9fd1d5236acb0fac325106b9f6c"}
,"C:\\Users\\opruk\\Documents\\GitHub\\nodejs-homework-template\\src\\validator\\users.js": {"path":"C:\\Users\\opruk\\Documents\\GitHub\\nodejs-homework-template\\src\\validator\\users.js","statementMap":{"0":{"start":{"line":1,"column":12},"end":{"line":1,"column":26}},"1":{"start":{"line":2,"column":35},"end":{"line":2,"column":66}},"2":{"start":{"line":4,"column":38},"end":{"line":8,"column":2}},"3":{"start":{"line":10,"column":17},"end":{"line":22,"column":1}},"4":{"start":{"line":11,"column":20},"end":{"line":11,"column":40}},"5":{"start":{"line":13,"column":2},"end":{"line":20,"column":3}},"6":{"start":{"line":14,"column":26},"end":{"line":14,"column":39}},"7":{"start":{"line":15,"column":4},"end":{"line":19,"column":7}},"8":{"start":{"line":21,"column":2},"end":{"line":21,"column":9}},"9":{"start":{"line":24,"column":0},"end":{"line":26,"column":2}},"10":{"start":{"line":25,"column":2},"end":{"line":25,"column":65}}},"fnMap":{"0":{"name":"(anonymous_0)","decl":{"start":{"line":10,"column":17},"end":{"line":10,"column":18}},"loc":{"start":{"line":10,"column":40},"end":{"line":22,"column":1}},"line":10},"1":{"name":"(anonymous_1)","decl":{"start":{"line":24,"column":50},"end":{"line":24,"column":51}},"loc":{"start":{"line":24,"column":68},"end":{"line":26,"column":1}},"line":24}},"branchMap":{"0":{"loc":{"start":{"line":13,"column":2},"end":{"line":20,"column":3}},"type":"if","locations":[{"start":{"line":13,"column":2},"end":{"line":20,"column":3}},{"start":{"line":13,"column":2},"end":{"line":20,"column":3}}],"line":13}},"s":{"0":1,"1":1,"2":1,"3":1,"4":0,"5":0,"6":0,"7":0,"8":0,"9":1,"10":0},"f":{"0":0,"1":0},"b":{"0":[0,0]},"_coverageSchema":"1a1c01bbd47fc00a2c39e90264f33305004495a9","hash":"6e5c7a05f85f4ec6c5d84369484b2408091c9fa8"}
}
