TN:
SF:src\controllers\contacts.js
FN:5,(anonymous_0)
FN:21,(anonymous_1)
FN:49,(anonymous_2)
FN:66,(anonymous_3)
FN:91,(anonymous_4)
FN:120,(anonymous_5)
FNF:6
FNH:6
FNDA:2,(anonymous_0)
FNDA:3,(anonymous_1)
FNDA:2,(anonymous_2)
FNDA:3,(anonymous_3)
FNDA:3,(anonymous_4)
FNDA:3,(anonymous_5)
DA:1,1
DA:2,1
DA:3,1
DA:5,1
DA:6,2
DA:7,2
DA:8,1
DA:9,1
DA:17,1
DA:21,1
DA:22,3
DA:23,3
DA:24,2
DA:29,2
DA:30,1
DA:38,1
DA:45,1
DA:49,1
DA:50,2
DA:51,2
DA:52,1
DA:54,1
DA:62,1
DA:66,1
DA:67,3
DA:68,3
DA:69,2
DA:73,2
DA:74,1
DA:80,1
DA:87,1
DA:91,1
DA:92,3
DA:93,3
DA:94,2
DA:100,2
DA:101,1
DA:109,1
DA:116,1
DA:120,1
DA:121,3
DA:122,3
DA:123,2
DA:128,2
DA:129,1
DA:137,1
DA:144,1
DA:148,1
LF:48
LH:48
BRDA:29,0,0,1
BRDA:29,0,1,1
BRDA:73,1,0,1
BRDA:73,1,1,1
BRDA:100,2,0,1
BRDA:100,2,1,1
BRDA:128,3,0,1
BRDA:128,3,1,1
BRF:8
BRH:8
end_of_record
TN:
SF:src\helpers\constants.js
FNF:0
FNH:0
DA:1,1
DA:13,1
DA:20,1
LF:3
LH:3
BRF:0
BRH:0
end_of_record
